# JRE version: OpenJDK Runtime Environment (11.0.10) (build 11.0.10+0-b96-7249189)
# Java VM: OpenJDK 64-Bit Server VM (11.0.10+0-b96-7249189, mixed mode, tiered, compressed oops, g1 gc, windows-amd64)
Heap:
 garbage-first heap   total 147456K, used 72585K [0x0000000089c00000, 0x0000000100000000)
  region size 1024K, 33 young (33792K), 2 survivors (2048K)
 Metaspace       used 64888K, capacity 65629K, committed 65880K, reserved 1107968K
  class space    used 7502K, capacity 7804K, committed 7808K, reserved 1048576K
GC Heap History (16 events):
Event: 0.805 GC heap before
{Heap before GC invocations=0 (full 0):
 garbage-first heap   total 122880K, used 17408K [0x0000000089c00000, 0x0000000100000000)
  region size 1024K, 14 young (14336K), 0 survivors (0K)
 Metaspace       used 9802K, capacity 9871K, committed 10112K, reserved 1058816K
  class space    used 839K, capacity 884K, committed 896K, reserved 1048576K
}
Event: 0.811 GC heap after
{Heap after GC invocations=1 (full 0):
 garbage-first heap   total 122880K, used 5217K [0x0000000089c00000, 0x0000000100000000)
  region size 1024K, 2 young (2048K), 2 survivors (2048K)
 Metaspace       used 9802K, capacity 9871K, committed 10112K, reserved 1058816K
  class space    used 839K, capacity 884K, committed 896K, reserved 1048576K
}
Event: 2.343 GC heap before
{Heap before GC invocations=1 (full 0):
 garbage-first heap   total 122880K, used 49249K [0x0000000089c00000, 0x0000000100000000)
  region size 1024K, 46 young (47104K), 2 survivors (2048K)
 Metaspace       used 20740K, capacity 20990K, committed 21248K, reserved 1069056K
  class space    used 2201K, capacity 2280K, committed 2304K, reserved 1048576K
}
Event: 2.364 GC heap after
{Heap after GC invocations=2 (full 0):
 garbage-first heap   total 122880K, used 9066K [0x0000000089c00000, 0x0000000100000000)
  region size 1024K, 6 young (6144K), 6 survivors (6144K)
 Metaspace       used 20740K, capacity 20990K, committed 21248K, reserved 1069056K
  class space    used 2201K, capacity 2280K, committed 2304K, reserved 1048576K
}
Event: 4.800 GC heap before
{Heap before GC invocations=3 (full 0):
 garbage-first heap   total 122880K, used 60266K [0x0000000089c00000, 0x0000000100000000)
  region size 1024K, 51 young (52224K), 6 survivors (6144K)
 Metaspace       used 31618K, capacity 32048K, committed 32128K, reserved 1077248K
  class space    used 3971K, capacity 4149K, committed 4224K, reserved 1048576K
}
Event: 4.842 GC heap after
{Heap after GC invocations=4 (full 0):
 garbage-first heap   total 122880K, used 20294K [0x0000000089c00000, 0x0000000100000000)
  region size 1024K, 6 young (6144K), 6 survivors (6144K)
 Metaspace       used 31618K, capacity 32048K, committed 32128K, reserved 1077248K
  class space    used 3971K, capacity 4149K, committed 4224K, reserved 1048576K
}
Event: 5.750 GC heap before
{Heap before GC invocations=4 (full 0):
 garbage-first heap   total 122880K, used 34630K [0x0000000089c00000, 0x0000000100000000)
  region size 1024K, 21 young (21504K), 6 survivors (6144K)
 Metaspace       used 35010K, capacity 35419K, committed 35584K, reserved 1081344K
  class space    used 4340K, capacity 4505K, committed 4608K, reserved 1048576K
}
Event: 5.778 GC heap after
{Heap after GC invocations=5 (full 0):
 garbage-first heap   total 122880K, used 21818K [0x0000000089c00000, 0x0000000100000000)
  region size 1024K, 2 young (2048K), 2 survivors (2048K)
 Metaspace       used 35010K, capacity 35419K, committed 35584K, reserved 1081344K
  class space    used 4340K, capacity 4505K, committed 4608K, reserved 1048576K
}
Event: 8.469 GC heap before
{Heap before GC invocations=6 (full 0):
 garbage-first heap   total 122880K, used 66874K [0x0000000089c00000, 0x0000000100000000)
  region size 1024K, 46 young (47104K), 2 survivors (2048K)
 Metaspace       used 45241K, capacity 45779K, committed 45952K, reserved 1089536K
  class space    used 5428K, capacity 5649K, committed 5760K, reserved 1048576K
}
Event: 8.485 GC heap after
{Heap after GC invocations=7 (full 0):
 garbage-first heap   total 147456K, used 25269K [0x0000000089c00000, 0x0000000100000000)
  region size 1024K, 5 young (5120K), 5 survivors (5120K)
 Metaspace       used 45241K, capacity 45779K, committed 45952K, reserved 1089536K
  class space    used 5428K, capacity 5649K, committed 5760K, reserved 1048576K
}
Event: 10.520 GC heap before
{Heap before GC invocations=7 (full 0):
 garbage-first heap   total 147456K, used 80565K [0x0000000089c00000, 0x0000000100000000)
  region size 1024K, 58 young (59392K), 5 survivors (5120K)
 Metaspace       used 49502K, capacity 50002K, committed 50176K, reserved 1093632K
  class space    used 5836K, capacity 6053K, committed 6144K, reserved 1048576K
}
Event: 10.541 GC heap after
{Heap after GC invocations=8 (full 0):
 garbage-first heap   total 147456K, used 29782K [0x0000000089c00000, 0x0000000100000000)
  region size 1024K, 8 young (8192K), 8 survivors (8192K)
 Metaspace       used 49502K, capacity 50002K, committed 50176K, reserved 1093632K
  class space    used 5836K, capacity 6053K, committed 6144K, reserved 1048576K
}
Event: 14.665 GC heap before
{Heap before GC invocations=8 (full 0):
 garbage-first heap   total 147456K, used 87126K [0x0000000089c00000, 0x0000000100000000)
  region size 1024K, 64 young (65536K), 8 survivors (8192K)
 Metaspace       used 54051K, capacity 54617K, committed 54912K, reserved 1097728K
  class space    used 6205K, capacity 6460K, committed 6528K, reserved 1048576K
}
Event: 14.700 GC heap after
{Heap after GC invocations=9 (full 0):
 garbage-first heap   total 147456K, used 38991K [0x0000000089c00000, 0x0000000100000000)
  region size 1024K, 8 young (8192K), 8 survivors (8192K)
 Metaspace       used 54051K, capacity 54617K, committed 54912K, reserved 1097728K
  class space    used 6205K, capacity 6460K, committed 6528K, reserved 1048576K
}
Event: 15.572 GC heap before
{Heap before GC invocations=9 (full 0):
 garbage-first heap   total 147456K, used 58447K [0x0000000089c00000, 0x0000000100000000)
  region size 1024K, 28 young (28672K), 8 survivors (8192K)
 Metaspace       used 58943K, capacity 59633K, committed 59736K, reserved 1101824K
  class space    used 6918K, capacity 7214K, committed 7296K, reserved 1048576K
}
Event: 15.620 GC heap after
{Heap after GC invocations=10 (full 0):
 garbage-first heap   total 147456K, used 41865K [0x0000000089c00000, 0x0000000100000000)
  region size 1024K, 2 young (2048K), 2 survivors (2048K)
 Metaspace       used 58943K, capacity 59633K, committed 59736K, reserved 1101824K
  class space    used 6918K, capacity 7214K, committed 7296K, reserved 1048576K
}

