# JRE version: OpenJDK Runtime Environment (11.0.10) (build 11.0.10+0-b96-7249189)
# Java VM: OpenJDK 64-Bit Server VM (11.0.10+0-b96-7249189, mixed mode, tiered, compressed oops, g1 gc, windows-amd64)
Heap:
 garbage-first heap   total 238592K, used 182768K [0x0000000080000000, 0x0000000100000000)
  region size 1024K, 9 young (9216K), 2 survivors (2048K)
 Metaspace       used 184569K, capacity 189122K, committed 189184K, reserved 1212416K
  class space    used 24140K, capacity 25824K, committed 25856K, reserved 1048576K
GC Heap History (20 events):
Event: 9260.063 GC heap before
{Heap before GC invocations=115 (full 0):
 garbage-first heap   total 238592K, used 198676K [0x0000000080000000, 0x0000000100000000)
  region size 1024K, 47 young (48128K), 6 survivors (6144K)
 Metaspace       used 182228K, capacity 186647K, committed 187008K, reserved 1210368K
  class space    used 23962K, capacity 25661K, committed 25728K, reserved 1048576K
}
Event: 9260.095 GC heap after
{Heap after GC invocations=116 (full 0):
 garbage-first heap   total 238592K, used 160771K [0x0000000080000000, 0x0000000100000000)
  region size 1024K, 5 young (5120K), 5 survivors (5120K)
 Metaspace       used 182228K, capacity 186647K, committed 187008K, reserved 1210368K
  class space    used 23962K, capacity 25661K, committed 25728K, reserved 1048576K
}
Event: 9260.293 GC heap before
{Heap before GC invocations=116 (full 0):
 garbage-first heap   total 238592K, used 165891K [0x0000000080000000, 0x0000000100000000)
  region size 1024K, 11 young (11264K), 5 survivors (5120K)
 Metaspace       used 182236K, capacity 186656K, committed 187008K, reserved 1210368K
  class space    used 23963K, capacity 25663K, committed 25728K, reserved 1048576K
}
Event: 9260.321 GC heap after
{Heap after GC invocations=117 (full 0):
 garbage-first heap   total 238592K, used 156228K [0x0000000080000000, 0x0000000100000000)
  region size 1024K, 2 young (2048K), 2 survivors (2048K)
 Metaspace       used 182236K, capacity 186656K, committed 187008K, reserved 1210368K
  class space    used 23963K, capacity 25663K, committed 25728K, reserved 1048576K
}
Event: 9261.065 GC heap before
{Heap before GC invocations=117 (full 0):
 garbage-first heap   total 238592K, used 164420K [0x0000000080000000, 0x0000000100000000)
  region size 1024K, 11 young (11264K), 2 survivors (2048K)
 Metaspace       used 182902K, capacity 187397K, committed 187904K, reserved 1212416K
  class space    used 23996K, capacity 25696K, committed 25856K, reserved 1048576K
}
Event: 9261.108 GC heap after
{Heap after GC invocations=118 (full 0):
 garbage-first heap   total 238592K, used 154942K [0x0000000080000000, 0x0000000100000000)
  region size 1024K, 1 young (1024K), 1 survivors (1024K)
 Metaspace       used 182902K, capacity 187397K, committed 187904K, reserved 1212416K
  class space    used 23996K, capacity 25696K, committed 25856K, reserved 1048576K
}
Event: 9261.129 GC heap before
{Heap before GC invocations=118 (full 0):
 garbage-first heap   total 238592K, used 154942K [0x0000000080000000, 0x0000000100000000)
  region size 1024K, 2 young (2048K), 1 survivors (1024K)
 Metaspace       used 182927K, capacity 187397K, committed 187904K, reserved 1212416K
  class space    used 23999K, capacity 25696K, committed 25856K, reserved 1048576K
}
Event: 9261.139 GC heap after
{Heap after GC invocations=119 (full 0):
 garbage-first heap   total 238592K, used 154954K [0x0000000080000000, 0x0000000100000000)
  region size 1024K, 1 young (1024K), 1 survivors (1024K)
 Metaspace       used 182927K, capacity 187397K, committed 187904K, reserved 1212416K
  class space    used 23999K, capacity 25696K, committed 25856K, reserved 1048576K
}
Event: 9265.348 GC heap before
{Heap before GC invocations=120 (full 0):
 garbage-first heap   total 238592K, used 185674K [0x0000000080000000, 0x0000000100000000)
  region size 1024K, 29 young (29696K), 1 survivors (1024K)
 Metaspace       used 183917K, capacity 188423K, committed 188672K, reserved 1212416K
  class space    used 24094K, capacity 25803K, committed 25856K, reserved 1048576K
}
Event: 9265.527 GC heap after
{Heap after GC invocations=121 (full 0):
 garbage-first heap   total 238592K, used 166218K [0x0000000080000000, 0x0000000100000000)
  region size 1024K, 4 young (4096K), 4 survivors (4096K)
 Metaspace       used 183917K, capacity 188423K, committed 188672K, reserved 1212416K
  class space    used 24094K, capacity 25803K, committed 25856K, reserved 1048576K
}
Event: 9266.640 GC heap before
{Heap before GC invocations=121 (full 0):
 garbage-first heap   total 238592K, used 172362K [0x0000000080000000, 0x0000000100000000)
  region size 1024K, 11 young (11264K), 4 survivors (4096K)
 Metaspace       used 183969K, capacity 188487K, committed 188672K, reserved 1212416K
  class space    used 24094K, capacity 25803K, committed 25856K, reserved 1048576K
}
Event: 9266.697 GC heap after
{Heap after GC invocations=122 (full 0):
 garbage-first heap   total 238592K, used 159703K [0x0000000080000000, 0x0000000100000000)
  region size 1024K, 2 young (2048K), 2 survivors (2048K)
 Metaspace       used 183969K, capacity 188487K, committed 188672K, reserved 1212416K
  class space    used 24094K, capacity 25803K, committed 25856K, reserved 1048576K
}
Event: 9267.780 GC heap before
{Heap before GC invocations=122 (full 0):
 garbage-first heap   total 238592K, used 168919K [0x0000000080000000, 0x0000000100000000)
  region size 1024K, 11 young (11264K), 2 survivors (2048K)
 Metaspace       used 184015K, capacity 188551K, committed 188928K, reserved 1212416K
  class space    used 24094K, capacity 25803K, committed 25856K, reserved 1048576K
}
Event: 9267.895 GC heap after
{Heap after GC invocations=123 (full 0):
 garbage-first heap   total 238592K, used 163322K [0x0000000080000000, 0x0000000100000000)
  region size 1024K, 2 young (2048K), 2 survivors (2048K)
 Metaspace       used 184015K, capacity 188551K, committed 188928K, reserved 1212416K
  class space    used 24094K, capacity 25803K, committed 25856K, reserved 1048576K
}
Event: 9268.746 GC heap before
{Heap before GC invocations=123 (full 0):
 garbage-first heap   total 238592K, used 174586K [0x0000000080000000, 0x0000000100000000)
  region size 1024K, 14 young (14336K), 2 survivors (2048K)
 Metaspace       used 184037K, capacity 188551K, committed 188928K, reserved 1212416K
  class space    used 24094K, capacity 25803K, committed 25856K, reserved 1048576K
}
Event: 9268.761 GC heap after
{Heap after GC invocations=124 (full 0):
 garbage-first heap   total 238592K, used 166730K [0x0000000080000000, 0x0000000100000000)
  region size 1024K, 4 young (4096K), 4 survivors (4096K)
 Metaspace       used 184037K, capacity 188551K, committed 188928K, reserved 1212416K
  class space    used 24094K, capacity 25803K, committed 25856K, reserved 1048576K
}
Event: 9269.813 GC heap before
{Heap before GC invocations=125 (full 0):
 garbage-first heap   total 238592K, used 190282K [0x0000000080000000, 0x0000000100000000)
  region size 1024K, 24 young (24576K), 4 survivors (4096K)
 Metaspace       used 184135K, capacity 188679K, committed 188928K, reserved 1212416K
  class space    used 24094K, capacity 25803K, committed 25856K, reserved 1048576K
}
Event: 9269.832 GC heap after
{Heap after GC invocations=126 (full 0):
 garbage-first heap   total 238592K, used 175839K [0x0000000080000000, 0x0000000100000000)
  region size 1024K, 3 young (3072K), 3 survivors (3072K)
 Metaspace       used 184135K, capacity 188679K, committed 188928K, reserved 1212416K
  class space    used 24094K, capacity 25803K, committed 25856K, reserved 1048576K
}
Event: 9270.106 GC heap before
{Heap before GC invocations=126 (full 0):
 garbage-first heap   total 238592K, used 184031K [0x0000000080000000, 0x0000000100000000)
  region size 1024K, 11 young (11264K), 3 survivors (3072K)
 Metaspace       used 184295K, capacity 188810K, committed 189184K, reserved 1212416K
  class space    used 24110K, capacity 25804K, committed 25856K, reserved 1048576K
}
Event: 9270.165 GC heap after
{Heap after GC invocations=127 (full 0):
 garbage-first heap   total 238592K, used 176624K [0x0000000080000000, 0x0000000100000000)
  region size 1024K, 2 young (2048K), 2 survivors (2048K)
 Metaspace       used 184295K, capacity 188810K, committed 189184K, reserved 1212416K
  class space    used 24110K, capacity 25804K, committed 25856K, reserved 1048576K
}

