# JRE version: OpenJDK Runtime Environment (11.0.10) (build 11.0.10+0-b96-7249189)
# Java VM: OpenJDK 64-Bit Server VM (11.0.10+0-b96-7249189, mixed mode, tiered, compressed oops, g1 gc, windows-amd64)
Heap:
 garbage-first heap   total 147456K, used 104769K [0x0000000089c00000, 0x0000000100000000)
  region size 1024K, 71 young (72704K), 8 survivors (8192K)
 Metaspace       used 68903K, capacity 69662K, committed 69976K, reserved 1112064K
  class space    used 7934K, capacity 8252K, committed 8320K, reserved 1048576K
GC Heap History (14 events):
Event: 0.939 GC heap before
{Heap before GC invocations=0 (full 0):
 garbage-first heap   total 122880K, used 17408K [0x0000000089c00000, 0x0000000100000000)
  region size 1024K, 14 young (14336K), 0 survivors (0K)
 Metaspace       used 9822K, capacity 9935K, committed 10112K, reserved 1058816K
  class space    used 839K, capacity 884K, committed 896K, reserved 1048576K
}
Event: 0.946 GC heap after
{Heap after GC invocations=1 (full 0):
 garbage-first heap   total 122880K, used 5184K [0x0000000089c00000, 0x0000000100000000)
  region size 1024K, 2 young (2048K), 2 survivors (2048K)
 Metaspace       used 9822K, capacity 9935K, committed 10112K, reserved 1058816K
  class space    used 839K, capacity 884K, committed 896K, reserved 1048576K
}
Event: 2.895 GC heap before
{Heap before GC invocations=1 (full 0):
 garbage-first heap   total 122880K, used 49216K [0x0000000089c00000, 0x0000000100000000)
  region size 1024K, 46 young (47104K), 2 survivors (2048K)
 Metaspace       used 20798K, capacity 20990K, committed 21248K, reserved 1069056K
  class space    used 2200K, capacity 2280K, committed 2304K, reserved 1048576K
}
Event: 2.918 GC heap after
{Heap after GC invocations=2 (full 0):
 garbage-first heap   total 122880K, used 9084K [0x0000000089c00000, 0x0000000100000000)
  region size 1024K, 6 young (6144K), 6 survivors (6144K)
 Metaspace       used 20798K, capacity 20990K, committed 21248K, reserved 1069056K
  class space    used 2200K, capacity 2280K, committed 2304K, reserved 1048576K
}
Event: 4.775 GC heap before
{Heap before GC invocations=3 (full 0):
 garbage-first heap   total 122880K, used 60284K [0x0000000089c00000, 0x0000000100000000)
  region size 1024K, 51 young (52224K), 6 survivors (6144K)
 Metaspace       used 31676K, capacity 32112K, committed 32384K, reserved 1077248K
  class space    used 3972K, capacity 4149K, committed 4224K, reserved 1048576K
}
Event: 4.811 GC heap after
{Heap after GC invocations=4 (full 0):
 garbage-first heap   total 122880K, used 20734K [0x0000000089c00000, 0x0000000100000000)
  region size 1024K, 7 young (7168K), 7 survivors (7168K)
 Metaspace       used 31676K, capacity 32112K, committed 32384K, reserved 1077248K
  class space    used 3972K, capacity 4149K, committed 4224K, reserved 1048576K
}
Event: 5.320 GC heap before
{Heap before GC invocations=4 (full 0):
 garbage-first heap   total 122880K, used 35070K [0x0000000089c00000, 0x0000000100000000)
  region size 1024K, 22 young (22528K), 7 survivors (7168K)
 Metaspace       used 35023K, capacity 35419K, committed 35584K, reserved 1081344K
  class space    used 4340K, capacity 4505K, committed 4608K, reserved 1048576K
}
Event: 5.345 GC heap after
{Heap after GC invocations=5 (full 0):
 garbage-first heap   total 122880K, used 21996K [0x0000000089c00000, 0x0000000100000000)
  region size 1024K, 2 young (2048K), 2 survivors (2048K)
 Metaspace       used 35023K, capacity 35419K, committed 35584K, reserved 1081344K
  class space    used 4340K, capacity 4505K, committed 4608K, reserved 1048576K
}
Event: 7.257 GC heap before
{Heap before GC invocations=6 (full 0):
 garbage-first heap   total 122880K, used 76268K [0x0000000089c00000, 0x0000000100000000)
  region size 1024K, 55 young (56320K), 2 survivors (2048K)
 Metaspace       used 46510K, capacity 46996K, committed 47232K, reserved 1091584K
  class space    used 5559K, capacity 5756K, committed 5760K, reserved 1048576K
}
Event: 7.278 GC heap after
{Heap after GC invocations=7 (full 0):
 garbage-first heap   total 147456K, used 26826K [0x0000000089c00000, 0x0000000100000000)
  region size 1024K, 7 young (7168K), 7 survivors (7168K)
 Metaspace       used 46510K, capacity 46996K, committed 47232K, reserved 1091584K
  class space    used 5559K, capacity 5756K, committed 5760K, reserved 1048576K
}
Event: 9.321 GC heap before
{Heap before GC invocations=7 (full 0):
 garbage-first heap   total 147456K, used 92362K [0x0000000089c00000, 0x0000000100000000)
  region size 1024K, 70 young (71680K), 7 survivors (7168K)
 Metaspace       used 52830K, capacity 53484K, committed 53632K, reserved 1095680K
  class space    used 6167K, capacity 6424K, committed 6528K, reserved 1048576K
}
Event: 9.348 GC heap after
{Heap after GC invocations=8 (full 0):
 garbage-first heap   total 147456K, used 33423K [0x0000000089c00000, 0x0000000100000000)
  region size 1024K, 7 young (7168K), 7 survivors (7168K)
 Metaspace       used 52830K, capacity 53484K, committed 53632K, reserved 1095680K
  class space    used 6167K, capacity 6424K, committed 6528K, reserved 1048576K
}
Event: 12.142 GC heap before
{Heap before GC invocations=8 (full 0):
 garbage-first heap   total 147456K, used 90767K [0x0000000089c00000, 0x0000000100000000)
  region size 1024K, 64 young (65536K), 7 survivors (7168K)
 Metaspace       used 58948K, capacity 59633K, committed 59736K, reserved 1101824K
  class space    used 6920K, capacity 7214K, committed 7296K, reserved 1048576K
}
Event: 12.208 GC heap after
{Heap after GC invocations=9 (full 0):
 garbage-first heap   total 147456K, used 41281K [0x0000000089c00000, 0x0000000100000000)
  region size 1024K, 8 young (8192K), 8 survivors (8192K)
 Metaspace       used 58948K, capacity 59633K, committed 59736K, reserved 1101824K
  class space    used 6920K, capacity 7214K, committed 7296K, reserved 1048576K
}

